[debug] [2025-07-23T14:50:11.135Z] ----------------------------------------------------------------------
[debug] [2025-07-23T14:50:11.141Z] Command:       /usr/local/bin/node /usr/local/bin/firebase deploy
[debug] [2025-07-23T14:50:11.141Z] CLI Version:   14.9.0
[debug] [2025-07-23T14:50:11.141Z] Platform:      darwin
[debug] [2025-07-23T14:50:11.141Z] Node Version:  v20.13.1
[debug] [2025-07-23T14:50:11.141Z] Time:          Wed Jul 23 2025 21:50:11 GMT+0700 (Western Indonesia Time)
[debug] [2025-07-23T14:50:11.141Z] ----------------------------------------------------------------------
[debug] 
[debug] [2025-07-23T14:50:11.248Z] > command requires scopes: ["email","openid","https://www.googleapis.com/auth/cloudplatformprojects.readonly","https://www.googleapis.com/auth/firebase","https://www.googleapis.com/auth/cloud-platform"]
[debug] [2025-07-23T14:50:11.248Z] > authorizing via signed-in user (imam.fachrudin@colearn.id)
[debug] [2025-07-23T14:50:11.248Z] [iam] checking project utbk-admin-page for permissions ["firebase.projects.get","firebasehosting.sites.update"]
[debug] [2025-07-23T14:50:11.249Z] Checked if tokens are valid: false, expires at: 1753282389496
[debug] [2025-07-23T14:50:11.249Z] Checked if tokens are valid: false, expires at: 1753282389496
[debug] [2025-07-23T14:50:11.249Z] > refreshing access token with scopes: []
[debug] [2025-07-23T14:50:11.250Z] >>> [apiv2][query] POST https://www.googleapis.com/oauth2/v3/token [none]
[debug] [2025-07-23T14:50:11.250Z] >>> [apiv2][body] POST https://www.googleapis.com/oauth2/v3/token [omitted]
[debug] [2025-07-23T14:50:11.460Z] <<< [apiv2][status] POST https://www.googleapis.com/oauth2/v3/token 200
[debug] [2025-07-23T14:50:11.460Z] <<< [apiv2][body] POST https://www.googleapis.com/oauth2/v3/token [omitted]
[debug] [2025-07-23T14:50:11.473Z] >>> [apiv2][query] POST https://cloudresourcemanager.googleapis.com/v1/projects/utbk-admin-page:testIamPermissions [none]
[debug] [2025-07-23T14:50:11.473Z] >>> [apiv2][(partial)header] POST https://cloudresourcemanager.googleapis.com/v1/projects/utbk-admin-page:testIamPermissions x-goog-quota-user=projects/utbk-admin-page
[debug] [2025-07-23T14:50:11.473Z] >>> [apiv2][body] POST https://cloudresourcemanager.googleapis.com/v1/projects/utbk-admin-page:testIamPermissions {"permissions":["firebase.projects.get","firebasehosting.sites.update"]}
